d:\baiducloud\tech\opencv\basicocr\debug\vc120.pdb
d:\baiducloud\tech\opencv\basicocr\debug\vc120.idb
d:\baiducloud\tech\opencv\basicocr\debug\svmtest.obj
d:\baiducloud\tech\opencv\basicocr\debug\svmopencv.obj
d:\baiducloud\tech\opencv\basicocr\debug\basicocr.ilk
d:\baiducloud\tech\opencv\basicocr\debug\basicocr.exe
d:\baiducloud\tech\opencv\basicocr\debug\basicocr.pdb
d:\baiducloud\tech\opencv\basicocr\debug\basicocr.obj
d:\baiducloud\tech\opencv\basicocr\debug\knnopencv.obj
d:\baiducloud\tech\opencv\basicocr\debug\knntest.obj
d:\baiducloud\tech\opencv\basicocr\debug\main(userswo-m9klkmb--administrator--2014-10-10-10,17,36).obj
d:\baiducloud\tech\opencv\basicocr\debug\main.obj
d:\baiducloud\tech\opencv\basicocr\debug\preprocessing.obj
d:\baiducloud\tech\opencv\basicocr\debug\svmopencv(userswo-m9klkmb--administrator--2014-10-10-10,17,39).obj
d:\baiducloud\tech\opencv\basicocr\debug\basicocr.tlog\cl.command.1.tlog
d:\baiducloud\tech\opencv\basicocr\debug\basicocr.tlog\cl.read.1.tlog
d:\baiducloud\tech\opencv\basicocr\debug\basicocr.tlog\cl.write.1.tlog
d:\baiducloud\tech\opencv\basicocr\debug\basicocr.tlog\link.command.1.tlog
d:\baiducloud\tech\opencv\basicocr\debug\basicocr.tlog\link.read.1.tlog
d:\baiducloud\tech\opencv\basicocr\debug\basicocr.tlog\link.write.1.tlog
